# JRE version: OpenJDK Runtime Environment (8.0_242-b01) (build 1.8.0_242-release-1644-b01)
# Java VM: OpenJDK 64-Bit Server VM (25.242-b01 mixed mode windows-amd64 compressed oops)
Heap:
 PSYoungGen      total 143872K, used 143865K [0x00000000d5580000, 0x00000000dfa80000, 0x0000000100000000)
  eden space 124928K, 100% used [0x00000000d5580000,0x00000000dcf80000,0x00000000dcf80000)
  from space 18944K, 99% used [0x00000000de800000,0x00000000dfa7e430,0x00000000dfa80000)
  to   space 22016K, 32% used [0x00000000dcf80000,0x00000000dd681a98,0x00000000de500000)
 ParOldGen       total 164352K, used 39894K [0x0000000080000000, 0x000000008a080000, 0x00000000d5580000)
  object space 164352K, 24% used [0x0000000080000000,0x00000000826f5b28,0x000000008a080000)
 Metaspace       used 80004K, capacity 83312K, committed 83608K, reserved 1122304K
  class space    used 10556K, capacity 11299K, committed 11416K, reserved 1048576K
GC Heap History (10 events):
Event: 54.077 GC heap before
{Heap before GC invocations=15 (full 3):
 PSYoungGen      total 118272K, used 19027K [0x00000000d5580000, 0x00000000df600000, 0x0000000100000000)
  eden space 98816K, 0% used [0x00000000d5580000,0x00000000d5580000,0x00000000db600000)
  from space 19456K, 97% used [0x00000000dcb80000,0x00000000dde14f38,0x00000000dde80000)
  to   space 22016K, 0% used [0x00000000db600000,0x00000000db600000,0x00000000dcb80000)
 ParOldGen       total 121856K, used 22507K [0x0000000080000000, 0x0000000087700000, 0x00000000d5580000)
  object space 121856K, 18% used [0x0000000080000000,0x00000000815fad40,0x0000000087700000)
 Metaspace       used 57067K, capacity 59096K, committed 59160K, reserved 1099776K
  class space    used 7660K, capacity 8152K, committed 8216K, reserved 1048576K
Event: 54.397 GC heap after
Heap after GC invocations=15 (full 3):
 PSYoungGen      total 118272K, used 0K [0x00000000d5580000, 0x00000000df600000, 0x0000000100000000)
  eden space 98816K, 0% used [0x00000000d5580000,0x00000000d5580000,0x00000000db600000)
  from space 19456K, 0% used [0x00000000dcb80000,0x00000000dcb80000,0x00000000dde80000)
  to   space 22016K, 0% used [0x00000000db600000,0x00000000db600000,0x00000000dcb80000)
 ParOldGen       total 164352K, used 31241K [0x0000000080000000, 0x000000008a080000, 0x00000000d5580000)
  object space 164352K, 19% used [0x0000000080000000,0x0000000081e825f0,0x000000008a080000)
 Metaspace       used 57033K, capacity 58984K, committed 59160K, reserved 1099776K
  class space    used 7651K, capacity 8140K, committed 8216K, reserved 1048576K
}
Event: 74.894 GC heap before
{Heap before GC invocations=16 (full 3):
 PSYoungGen      total 118272K, used 98816K [0x00000000d5580000, 0x00000000df600000, 0x0000000100000000)
  eden space 98816K, 100% used [0x00000000d5580000,0x00000000db600000,0x00000000db600000)
  from space 19456K, 0% used [0x00000000dcb80000,0x00000000dcb80000,0x00000000dde80000)
  to   space 22016K, 0% used [0x00000000db600000,0x00000000db600000,0x00000000dcb80000)
 ParOldGen       total 164352K, used 31241K [0x0000000080000000, 0x000000008a080000, 0x00000000d5580000)
  object space 164352K, 19% used [0x0000000080000000,0x0000000081e825f0,0x000000008a080000)
 Metaspace       used 63646K, capacity 65806K, committed 66072K, reserved 1105920K
  class space    used 8626K, capacity 9155K, committed 9240K, reserved 1048576K
Event: 74.904 GC heap after
Heap after GC invocations=16 (full 3):
 PSYoungGen      total 120832K, used 11344K [0x00000000d5580000, 0x00000000dfc80000, 0x0000000100000000)
  eden space 98816K, 0% used [0x00000000d5580000,0x00000000d5580000,0x00000000db600000)
  from space 22016K, 51% used [0x00000000db600000,0x00000000dc114048,0x00000000dcb80000)
  to   space 20992K, 0% used [0x00000000de800000,0x00000000de800000,0x00000000dfc80000)
 ParOldGen       total 164352K, used 31249K [0x0000000080000000, 0x000000008a080000, 0x00000000d5580000)
  object space 164352K, 19% used [0x0000000080000000,0x0000000081e845f0,0x000000008a080000)
 Metaspace       used 63646K, capacity 65806K, committed 66072K, reserved 1105920K
  class space    used 8626K, capacity 9155K, committed 9240K, reserved 1048576K
}
Event: 139.280 GC heap before
{Heap before GC invocations=17 (full 3):
 PSYoungGen      total 120832K, used 110160K [0x00000000d5580000, 0x00000000dfc80000, 0x0000000100000000)
  eden space 98816K, 100% used [0x00000000d5580000,0x00000000db600000,0x00000000db600000)
  from space 22016K, 51% used [0x00000000db600000,0x00000000dc114048,0x00000000dcb80000)
  to   space 20992K, 0% used [0x00000000de800000,0x00000000de800000,0x00000000dfc80000)
 ParOldGen       total 164352K, used 31249K [0x0000000080000000, 0x000000008a080000, 0x00000000d5580000)
  object space 164352K, 19% used [0x0000000080000000,0x0000000081e845f0,0x000000008a080000)
 Metaspace       used 69391K, capacity 71968K, committed 72216K, reserved 1112064K
  class space    used 9154K, capacity 9744K, committed 9752K, reserved 1048576K
Event: 139.308 GC heap after
Heap after GC invocations=17 (full 3):
 PSYoungGen      total 143872K, used 15267K [0x00000000d5580000, 0x00000000dfa80000, 0x0000000100000000)
  eden space 124928K, 0% used [0x00000000d5580000,0x00000000d5580000,0x00000000dcf80000)
  from space 18944K, 80% used [0x00000000de800000,0x00000000df6e8f08,0x00000000dfa80000)
  to   space 22016K, 0% used [0x00000000dcf80000,0x00000000dcf80000,0x00000000de500000)
 ParOldGen       total 164352K, used 31257K [0x0000000080000000, 0x000000008a080000, 0x00000000d5580000)
  object space 164352K, 19% used [0x0000000080000000,0x0000000081e865f0,0x000000008a080000)
 Metaspace       used 69391K, capacity 71968K, committed 72216K, reserved 1112064K
  class space    used 9154K, capacity 9744K, committed 9752K, reserved 1048576K
}
Event: 143.145 GC heap before
{Heap before GC invocations=18 (full 3):
 PSYoungGen      total 143872K, used 140195K [0x00000000d5580000, 0x00000000dfa80000, 0x0000000100000000)
  eden space 124928K, 100% used [0x00000000d5580000,0x00000000dcf80000,0x00000000dcf80000)
  from space 18944K, 80% used [0x00000000de800000,0x00000000df6e8f08,0x00000000dfa80000)
  to   space 22016K, 0% used [0x00000000dcf80000,0x00000000dcf80000,0x00000000de500000)
 ParOldGen       total 164352K, used 31257K [0x0000000080000000, 0x000000008a080000, 0x00000000d5580000)
  object space 164352K, 19% used [0x0000000080000000,0x0000000081e865f0,0x000000008a080000)
 Metaspace       used 74668K, capacity 77538K, committed 77720K, reserved 1116160K
  class space    used 9921K, capacity 10545K, committed 10648K, reserved 1048576K
Event: 143.174 GC heap after
Heap after GC invocations=18 (full 3):
 PSYoungGen      total 146944K, used 20734K [0x00000000d5580000, 0x00000000dfa80000, 0x0000000100000000)
  eden space 124928K, 0% used [0x00000000d5580000,0x00000000d5580000,0x00000000dcf80000)
  from space 22016K, 94% used [0x00000000dcf80000,0x00000000de3bfb90,0x00000000de500000)
  to   space 18944K, 0% used [0x00000000de800000,0x00000000de800000,0x00000000dfa80000)
 ParOldGen       total 164352K, used 31265K [0x0000000080000000, 0x000000008a080000, 0x00000000d5580000)
  object space 164352K, 19% used [0x0000000080000000,0x0000000081e885f0,0x000000008a080000)
 Metaspace       used 74668K, capacity 77538K, committed 77720K, reserved 1116160K
  class space    used 9921K, capacity 10545K, committed 10648K, reserved 1048576K
}
Event: 158.306 GC heap before
{Heap before GC invocations=19 (full 3):
 PSYoungGen      total 146944K, used 145662K [0x00000000d5580000, 0x00000000dfa80000, 0x0000000100000000)
  eden space 124928K, 100% used [0x00000000d5580000,0x00000000dcf80000,0x00000000dcf80000)
  from space 22016K, 94% used [0x00000000dcf80000,0x00000000de3bfb90,0x00000000de500000)
  to   space 18944K, 0% used [0x00000000de800000,0x00000000de800000,0x00000000dfa80000)
 ParOldGen       total 164352K, used 31265K [0x0000000080000000, 0x000000008a080000, 0x00000000d5580000)
  object space 164352K, 19% used [0x0000000080000000,0x0000000081e885f0,0x000000008a080000)
 Metaspace       used 79061K, capacity 82286K, committed 82456K, reserved 1120256K
  class space    used 10487K, capacity 11226K, committed 11288K, reserved 1048576K
Event: 158.344 GC heap after
Heap after GC invocations=19 (full 3):
 PSYoungGen      total 143872K, used 18937K [0x00000000d5580000, 0x00000000dfa80000, 0x0000000100000000)
  eden space 124928K, 0% used [0x00000000d5580000,0x00000000d5580000,0x00000000dcf80000)
  from space 18944K, 99% used [0x00000000de800000,0x00000000dfa7e430,0x00000000dfa80000)
  to   space 22016K, 0% used [0x00000000dcf80000,0x00000000dcf80000,0x00000000de500000)
 ParOldGen       total 164352K, used 39894K [0x0000000080000000, 0x000000008a080000, 0x00000000d5580000)
  object space 164352K, 24% used [0x0000000080000000,0x00000000826f5b28,0x000000008a080000)
 Metaspace       used 79061K, capacity 82286K, committed 82456K, reserved 1120256K
  class space    used 10487K, capacity 11226K, committed 11288K, reserved 1048576K
}

