# JRE version: OpenJDK Runtime Environment (8.0_242-b01) (build 1.8.0_242-release-1644-b01)
# Java VM: OpenJDK 64-Bit Server VM (25.242-b01 mixed mode windows-amd64 compressed oops)
Heap:
 PSYoungGen      total 499712K, used 405043K [0x00000000d5580000, 0x00000000f6d80000, 0x0000000100000000)
  eden space 473600K, 80% used [0x00000000d5580000,0x00000000ec78f710,0x00000000f2400000)
  from space 26112K, 99% used [0x00000000f5400000,0x00000000f6d7d680,0x00000000f6d80000)
  to   space 34816K, 0% used [0x00000000f2980000,0x00000000f2980000,0x00000000f4b80000)
 ParOldGen       total 129024K, used 51276K [0x0000000080000000, 0x0000000087e00000, 0x00000000d5580000)
  object space 129024K, 39% used [0x0000000080000000,0x00000000832133d0,0x0000000087e00000)
 Metaspace       used 86209K, capacity 90316K, committed 90544K, reserved 1128448K
  class space    used 11669K, capacity 12458K, committed 12464K, reserved 1048576K
GC Heap History (10 events):
Event: 4.740 GC heap before
{Heap before GC invocations=9 (full 2):
 PSYoungGen      total 276992K, used 8828K [0x00000000d5580000, 0x00000000eeb80000, 0x0000000100000000)
  eden space 261120K, 0% used [0x00000000d5580000,0x00000000d5580000,0x00000000e5480000)
  from space 15872K, 55% used [0x00000000e5480000,0x00000000e5d1f018,0x00000000e6400000)
  to   space 15360K, 0% used [0x00000000edc80000,0x00000000edc80000,0x00000000eeb80000)
 ParOldGen       total 61440K, used 12005K [0x0000000080000000, 0x0000000083c00000, 0x00000000d5580000)
  object space 61440K, 19% used [0x0000000080000000,0x0000000080bb9488,0x0000000083c00000)
 Metaspace       used 34608K, capacity 35410K, committed 35496K, reserved 1079296K
  class space    used 4747K, capacity 4972K, committed 5040K, reserved 1048576K
Event: 4.831 GC heap after
Heap after GC invocations=9 (full 2):
 PSYoungGen      total 276992K, used 0K [0x00000000d5580000, 0x00000000eeb80000, 0x0000000100000000)
  eden space 261120K, 0% used [0x00000000d5580000,0x00000000d5580000,0x00000000e5480000)
  from space 15872K, 0% used [0x00000000e5480000,0x00000000e5480000,0x00000000e6400000)
  to   space 15360K, 0% used [0x00000000edc80000,0x00000000edc80000,0x00000000eeb80000)
 ParOldGen       total 82432K, used 15470K [0x0000000080000000, 0x0000000085080000, 0x00000000d5580000)
  object space 82432K, 18% used [0x0000000080000000,0x0000000080f1bbb8,0x0000000085080000)
 Metaspace       used 34608K, capacity 35410K, committed 35496K, reserved 1079296K
  class space    used 4747K, capacity 4972K, committed 5040K, reserved 1048576K
}
Event: 10.211 GC heap before
{Heap before GC invocations=10 (full 2):
 PSYoungGen      total 276992K, used 261120K [0x00000000d5580000, 0x00000000eeb80000, 0x0000000100000000)
  eden space 261120K, 100% used [0x00000000d5580000,0x00000000e5480000,0x00000000e5480000)
  from space 15872K, 0% used [0x00000000e5480000,0x00000000e5480000,0x00000000e6400000)
  to   space 15360K, 0% used [0x00000000edc80000,0x00000000edc80000,0x00000000eeb80000)
 ParOldGen       total 82432K, used 15470K [0x0000000080000000, 0x0000000085080000, 0x00000000d5580000)
  object space 82432K, 18% used [0x0000000080000000,0x0000000080f1bbc8,0x0000000085080000)
 Metaspace       used 54006K, capacity 55928K, committed 55984K, reserved 1097728K
  class space    used 7344K, capacity 7824K, committed 7856K, reserved 1048576K
Event: 10.259 GC heap after
Heap after GC invocations=10 (full 2):
 PSYoungGen      total 391680K, used 15332K [0x00000000d5580000, 0x00000000f0800000, 0x0000000100000000)
  eden space 376320K, 0% used [0x00000000d5580000,0x00000000d5580000,0x00000000ec500000)
  from space 15360K, 99% used [0x00000000edc80000,0x00000000eeb79300,0x00000000eeb80000)
  to   space 24064K, 0% used [0x00000000ec500000,0x00000000ec500000,0x00000000edc80000)
 ParOldGen       total 82432K, used 30233K [0x0000000080000000, 0x0000000085080000, 0x00000000d5580000)
  object space 82432K, 36% used [0x0000000080000000,0x0000000081d865b8,0x0000000085080000)
 Metaspace       used 54006K, capacity 55928K, committed 55984K, reserved 1097728K
  class space    used 7344K, capacity 7824K, committed 7856K, reserved 1048576K
}
Event: 10.941 GC heap before
{Heap before GC invocations=11 (full 2):
 PSYoungGen      total 391680K, used 62595K [0x00000000d5580000, 0x00000000f0800000, 0x0000000100000000)
  eden space 376320K, 12% used [0x00000000d5580000,0x00000000d83a7cd0,0x00000000ec500000)
  from space 15360K, 99% used [0x00000000edc80000,0x00000000eeb79300,0x00000000eeb80000)
  to   space 24064K, 0% used [0x00000000ec500000,0x00000000ec500000,0x00000000edc80000)
 ParOldGen       total 82432K, used 30233K [0x0000000080000000, 0x0000000085080000, 0x00000000d5580000)
  object space 82432K, 36% used [0x0000000080000000,0x0000000081d865b8,0x0000000085080000)
 Metaspace       used 57137K, capacity 59050K, committed 59160K, reserved 1099776K
  class space    used 7842K, capacity 8303K, committed 8368K, reserved 1048576K
Event: 10.970 GC heap after
Heap after GC invocations=11 (full 2):
 PSYoungGen      total 400384K, used 19181K [0x00000000d5580000, 0x00000000f6d80000, 0x0000000100000000)
  eden space 376320K, 0% used [0x00000000d5580000,0x00000000d5580000,0x00000000ec500000)
  from space 24064K, 79% used [0x00000000ec500000,0x00000000ed7bb500,0x00000000edc80000)
  to   space 26112K, 0% used [0x00000000f5400000,0x00000000f5400000,0x00000000f6d80000)
 ParOldGen       total 82432K, used 30241K [0x0000000080000000, 0x0000000085080000, 0x00000000d5580000)
  object space 82432K, 36% used [0x0000000080000000,0x0000000081d885b8,0x0000000085080000)
 Metaspace       used 57137K, capacity 59050K, committed 59160K, reserved 1099776K
  class space    used 7842K, capacity 8303K, committed 8368K, reserved 1048576K
}
Event: 10.970 GC heap before
{Heap before GC invocations=12 (full 3):
 PSYoungGen      total 400384K, used 19181K [0x00000000d5580000, 0x00000000f6d80000, 0x0000000100000000)
  eden space 376320K, 0% used [0x00000000d5580000,0x00000000d5580000,0x00000000ec500000)
  from space 24064K, 79% used [0x00000000ec500000,0x00000000ed7bb500,0x00000000edc80000)
  to   space 26112K, 0% used [0x00000000f5400000,0x00000000f5400000,0x00000000f6d80000)
 ParOldGen       total 82432K, used 30241K [0x0000000080000000, 0x0000000085080000, 0x00000000d5580000)
  object space 82432K, 36% used [0x0000000080000000,0x0000000081d885b8,0x0000000085080000)
 Metaspace       used 57137K, capacity 59050K, committed 59160K, reserved 1099776K
  class space    used 7842K, capacity 8303K, committed 8368K, reserved 1048576K
Event: 11.277 GC heap after
Heap after GC invocations=12 (full 3):
 PSYoungGen      total 400384K, used 0K [0x00000000d5580000, 0x00000000f6d80000, 0x0000000100000000)
  eden space 376320K, 0% used [0x00000000d5580000,0x00000000d5580000,0x00000000ec500000)
  from space 24064K, 0% used [0x00000000ec500000,0x00000000ec500000,0x00000000edc80000)
  to   space 26112K, 0% used [0x00000000f5400000,0x00000000f5400000,0x00000000f6d80000)
 ParOldGen       total 129024K, used 38523K [0x0000000080000000, 0x0000000087e00000, 0x00000000d5580000)
  object space 129024K, 29% used [0x0000000080000000,0x000000008259ec60,0x0000000087e00000)
 Metaspace       used 57125K, capacity 59008K, committed 59160K, reserved 1099776K
  class space    used 7839K, capacity 8296K, committed 8368K, reserved 1048576K
}
Event: 25.953 GC heap before
{Heap before GC invocations=13 (full 3):
 PSYoungGen      total 400384K, used 376320K [0x00000000d5580000, 0x00000000f6d80000, 0x0000000100000000)
  eden space 376320K, 100% used [0x00000000d5580000,0x00000000ec500000,0x00000000ec500000)
  from space 24064K, 0% used [0x00000000ec500000,0x00000000ec500000,0x00000000edc80000)
  to   space 26112K, 0% used [0x00000000f5400000,0x00000000f5400000,0x00000000f6d80000)
 ParOldGen       total 129024K, used 38524K [0x0000000080000000, 0x0000000087e00000, 0x00000000d5580000)
  object space 129024K, 29% used [0x0000000080000000,0x000000008259f2b8,0x0000000087e00000)
 Metaspace       used 67625K, capacity 70804K, committed 70960K, reserved 1110016K
  class space    used 9307K, capacity 9954K, committed 10032K, reserved 1048576K
Event: 26.011 GC heap after
Heap after GC invocations=13 (full 3):
 PSYoungGen      total 499712K, used 26101K [0x00000000d5580000, 0x00000000f6d80000, 0x0000000100000000)
  eden space 473600K, 0% used [0x00000000d5580000,0x00000000d5580000,0x00000000f2400000)
  from space 26112K, 99% used [0x00000000f5400000,0x00000000f6d7d680,0x00000000f6d80000)
  to   space 34816K, 0% used [0x00000000f2980000,0x00000000f2980000,0x00000000f4b80000)
 ParOldGen       total 129024K, used 51276K [0x0000000080000000, 0x0000000087e00000, 0x00000000d5580000)
  object space 129024K, 39% used [0x0000000080000000,0x00000000832133d0,0x0000000087e00000)
 Metaspace       used 67625K, capacity 70804K, committed 70960K, reserved 1110016K
  class space    used 9307K, capacity 9954K, committed 10032K, reserved 1048576K
}

