# JRE version: OpenJDK Runtime Environment (8.0_242-b01) (build 1.8.0_242-release-1644-b01)
# Java VM: OpenJDK 64-Bit Server VM (25.242-b01 mixed mode windows-amd64 compressed oops)
Heap:
 PSYoungGen      total 636416K, used 61443K [0x00000000d5580000, 0x0000000100000000, 0x0000000100000000)
  eden space 592896K, 3% used [0x00000000d5580000,0x00000000d6b3d870,0x00000000f9880000)
  from space 43520K, 90% used [0x00000000fc880000,0x00000000feec3738,0x00000000ff300000)
  to   space 49152K, 0% used [0x00000000f9880000,0x00000000f9880000,0x00000000fc880000)
 ParOldGen       total 196608K, used 71183K [0x0000000080000000, 0x000000008c000000, 0x00000000d5580000)
  object space 196608K, 36% used [0x0000000080000000,0x0000000084583d78,0x000000008c000000)
 Metaspace       used 106307K, capacity 111180K, committed 111280K, reserved 1146880K
  class space    used 13726K, capacity 14720K, committed 14768K, reserved 1048576K
GC Heap History (10 events):
Event: 115.609 GC heap before
{Heap before GC invocations=14 (full 3):
 PSYoungGen      total 488448K, used 488438K [0x00000000d5580000, 0x00000000f5f80000, 0x0000000100000000)
  eden space 463360K, 100% used [0x00000000d5580000,0x00000000f1a00000,0x00000000f1a00000)
  from space 25088K, 99% used [0x00000000f4700000,0x00000000f5f7db58,0x00000000f5f80000)
  to   space 31744K, 0% used [0x00000000f2180000,0x00000000f2180000,0x00000000f4080000)
 ParOldGen       total 121856K, used 39825K [0x0000000080000000, 0x0000000087700000, 0x00000000d5580000)
  object space 121856K, 32% used [0x0000000080000000,0x00000000826e45b0,0x0000000087700000)
 Metaspace       used 87417K, capacity 91056K, committed 91312K, reserved 1128448K
  class space    used 11441K, capacity 12196K, committed 12208K, reserved 1048576K
Event: 115.670 GC heap after
Heap after GC invocations=14 (full 3):
 PSYoungGen      total 495104K, used 31721K [0x00000000d5580000, 0x00000000f5f80000, 0x0000000100000000)
  eden space 463360K, 0% used [0x00000000d5580000,0x00000000d5580000,0x00000000f1a00000)
  from space 31744K, 99% used [0x00000000f2180000,0x00000000f407a648,0x00000000f4080000)
  to   space 25088K, 0% used [0x00000000f4700000,0x00000000f4700000,0x00000000f5f80000)
 ParOldGen       total 121856K, used 68874K [0x0000000080000000, 0x0000000087700000, 0x00000000d5580000)
  object space 121856K, 56% used [0x0000000080000000,0x0000000084342ba0,0x0000000087700000)
 Metaspace       used 87417K, capacity 91056K, committed 91312K, reserved 1128448K
  class space    used 11441K, capacity 12196K, committed 12208K, reserved 1048576K
}
Event: 251.674 GC heap before
{Heap before GC invocations=15 (full 3):
 PSYoungGen      total 495104K, used 495081K [0x00000000d5580000, 0x00000000f5f80000, 0x0000000100000000)
  eden space 463360K, 100% used [0x00000000d5580000,0x00000000f1a00000,0x00000000f1a00000)
  from space 31744K, 99% used [0x00000000f2180000,0x00000000f407a648,0x00000000f4080000)
  to   space 25088K, 0% used [0x00000000f4700000,0x00000000f4700000,0x00000000f5f80000)
 ParOldGen       total 121856K, used 68874K [0x0000000080000000, 0x0000000087700000, 0x00000000d5580000)
  object space 121856K, 56% used [0x0000000080000000,0x0000000084342ba0,0x0000000087700000)
 Metaspace       used 93016K, capacity 96948K, committed 97200K, reserved 1134592K
  class space    used 12107K, capacity 12958K, committed 12976K, reserved 1048576K
Event: 251.716 GC heap after
Heap after GC invocations=15 (full 3):
 PSYoungGen      total 489472K, used 14298K [0x00000000d5580000, 0x00000000fc800000, 0x0000000100000000)
  eden space 464384K, 0% used [0x00000000d5580000,0x00000000d5580000,0x00000000f1b00000)
  from space 25088K, 56% used [0x00000000f4700000,0x00000000f54f6a98,0x00000000f5f80000)
  to   space 45056K, 0% used [0x00000000f1b00000,0x00000000f1b00000,0x00000000f4700000)
 ParOldGen       total 121856K, used 94784K [0x0000000080000000, 0x0000000087700000, 0x00000000d5580000)
  object space 121856K, 77% used [0x0000000080000000,0x0000000085c902d8,0x0000000087700000)
 Metaspace       used 93016K, capacity 96948K, committed 97200K, reserved 1134592K
  class space    used 12107K, capacity 12958K, committed 12976K, reserved 1048576K
}
Event: 251.851 GC heap before
{Heap before GC invocations=16 (full 3):
 PSYoungGen      total 489472K, used 18547K [0x00000000d5580000, 0x00000000fc800000, 0x0000000100000000)
  eden space 464384K, 0% used [0x00000000d5580000,0x00000000d59a62b0,0x00000000f1b00000)
  from space 25088K, 56% used [0x00000000f4700000,0x00000000f54f6a98,0x00000000f5f80000)
  to   space 45056K, 0% used [0x00000000f1b00000,0x00000000f1b00000,0x00000000f4700000)
 ParOldGen       total 121856K, used 94784K [0x0000000080000000, 0x0000000087700000, 0x00000000d5580000)
  object space 121856K, 77% used [0x0000000080000000,0x0000000085c902d8,0x0000000087700000)
 Metaspace       used 94435K, capacity 98356K, committed 98600K, reserved 1134592K
  class space    used 12284K, capacity 13150K, committed 13232K, reserved 1048576K
Event: 251.864 GC heap after
Heap after GC invocations=16 (full 3):
 PSYoungGen      total 509440K, used 10358K [0x00000000d5580000, 0x00000000ff300000, 0x0000000100000000)
  eden space 464384K, 0% used [0x00000000d5580000,0x00000000d5580000,0x00000000f1b00000)
  from space 45056K, 22% used [0x00000000f1b00000,0x00000000f251db28,0x00000000f4700000)
  to   space 43520K, 0% used [0x00000000fc880000,0x00000000fc880000,0x00000000ff300000)
 ParOldGen       total 121856K, used 94792K [0x0000000080000000, 0x0000000087700000, 0x00000000d5580000)
  object space 121856K, 77% used [0x0000000080000000,0x0000000085c922d8,0x0000000087700000)
 Metaspace       used 94435K, capacity 98356K, committed 98600K, reserved 1134592K
  class space    used 12284K, capacity 13150K, committed 13232K, reserved 1048576K
}
Event: 251.864 GC heap before
{Heap before GC invocations=17 (full 4):
 PSYoungGen      total 509440K, used 10358K [0x00000000d5580000, 0x00000000ff300000, 0x0000000100000000)
  eden space 464384K, 0% used [0x00000000d5580000,0x00000000d5580000,0x00000000f1b00000)
  from space 45056K, 22% used [0x00000000f1b00000,0x00000000f251db28,0x00000000f4700000)
  to   space 43520K, 0% used [0x00000000fc880000,0x00000000fc880000,0x00000000ff300000)
 ParOldGen       total 121856K, used 94792K [0x0000000080000000, 0x0000000087700000, 0x00000000d5580000)
  object space 121856K, 77% used [0x0000000080000000,0x0000000085c922d8,0x0000000087700000)
 Metaspace       used 94435K, capacity 98356K, committed 98600K, reserved 1134592K
  class space    used 12284K, capacity 13150K, committed 13232K, reserved 1048576K
Event: 252.187 GC heap after
Heap after GC invocations=17 (full 4):
 PSYoungGen      total 509440K, used 0K [0x00000000d5580000, 0x00000000ff300000, 0x0000000100000000)
  eden space 464384K, 0% used [0x00000000d5580000,0x00000000d5580000,0x00000000f1b00000)
  from space 45056K, 0% used [0x00000000f1b00000,0x00000000f1b00000,0x00000000f4700000)
  to   space 43520K, 0% used [0x00000000fc880000,0x00000000fc880000,0x00000000ff300000)
 ParOldGen       total 196608K, used 71183K [0x0000000080000000, 0x000000008c000000, 0x00000000d5580000)
  object space 196608K, 36% used [0x0000000080000000,0x0000000084583d78,0x000000008c000000)
 Metaspace       used 94378K, capacity 98194K, committed 98600K, reserved 1134592K
  class space    used 12265K, capacity 13117K, committed 13232K, reserved 1048576K
}
Event: 270.067 GC heap before
{Heap before GC invocations=18 (full 4):
 PSYoungGen      total 509440K, used 464384K [0x00000000d5580000, 0x00000000ff300000, 0x0000000100000000)
  eden space 464384K, 100% used [0x00000000d5580000,0x00000000f1b00000,0x00000000f1b00000)
  from space 45056K, 0% used [0x00000000f1b00000,0x00000000f1b00000,0x00000000f4700000)
  to   space 43520K, 0% used [0x00000000fc880000,0x00000000fc880000,0x00000000ff300000)
 ParOldGen       total 196608K, used 71183K [0x0000000080000000, 0x000000008c000000, 0x00000000d5580000)
  object space 196608K, 36% used [0x0000000080000000,0x0000000084583d78,0x000000008c000000)
 Metaspace       used 106253K, capacity 111172K, committed 111280K, reserved 1146880K
  class space    used 13717K, capacity 14720K, committed 14768K, reserved 1048576K
Event: 270.154 GC heap after
Heap after GC invocations=18 (full 4):
 PSYoungGen      total 636416K, used 39181K [0x00000000d5580000, 0x0000000100000000, 0x0000000100000000)
  eden space 592896K, 0% used [0x00000000d5580000,0x00000000d5580000,0x00000000f9880000)
  from space 43520K, 90% used [0x00000000fc880000,0x00000000feec3738,0x00000000ff300000)
  to   space 49152K, 0% used [0x00000000f9880000,0x00000000f9880000,0x00000000fc880000)
 ParOldGen       total 196608K, used 71183K [0x0000000080000000, 0x000000008c000000, 0x00000000d5580000)
  object space 196608K, 36% used [0x0000000080000000,0x0000000084583d78,0x000000008c000000)
 Metaspace       used 106253K, capacity 111172K, committed 111280K, reserved 1146880K
  class space    used 13717K, capacity 14720K, committed 14768K, reserved 1048576K
}

