# JRE version: OpenJDK Runtime Environment (8.0_242-b01) (build 1.8.0_242-release-1644-b01)
# Java VM: OpenJDK 64-Bit Server VM (25.242-b01 mixed mode windows-amd64 compressed oops)
Heap:
 PSYoungGen      total 419328K, used 324929K [0x00000000d5580000, 0x00000000f9880000, 0x0000000100000000)
  eden space 395264K, 82% used [0x00000000d5580000,0x00000000e92d0568,0x00000000ed780000)
  from space 24064K, 0% used [0x00000000ed780000,0x00000000ed780000,0x00000000eef00000)
  to   space 26112K, 0% used [0x00000000f7f00000,0x00000000f7f00000,0x00000000f9880000)
 ParOldGen       total 115712K, used 32846K [0x0000000080000000, 0x0000000087100000, 0x00000000d5580000)
  object space 115712K, 28% used [0x0000000080000000,0x0000000082013af8,0x0000000087100000)
 Metaspace       used 67762K, capacity 70816K, committed 71088K, reserved 1110016K
  class space    used 9405K, capacity 10044K, committed 10160K, reserved 1048576K
GC Heap History (10 events):
Event: 5.025 GC heap before
{Heap before GC invocations=8 (full 1):
 PSYoungGen      total 247296K, used 63067K [0x00000000d5580000, 0x00000000e7380000, 0x0000000100000000)
  eden space 233984K, 21% used [0x00000000d5580000,0x00000000d861be88,0x00000000e3a00000)
  from space 13312K, 99% used [0x00000000e6680000,0x00000000e737aeb0,0x00000000e7380000)
  to   space 15872K, 0% used [0x00000000e5480000,0x00000000e5480000,0x00000000e6400000)
 ParOldGen       total 59904K, used 12167K [0x0000000080000000, 0x0000000083a80000, 0x00000000d5580000)
  object space 59904K, 20% used [0x0000000080000000,0x0000000080be1d68,0x0000000083a80000)
 Metaspace       used 34603K, capacity 35414K, committed 35496K, reserved 1079296K
  class space    used 4744K, capacity 4972K, committed 5040K, reserved 1048576K
Event: 5.035 GC heap after
Heap after GC invocations=8 (full 1):
 PSYoungGen      total 276992K, used 8613K [0x00000000d5580000, 0x00000000efe00000, 0x0000000100000000)
  eden space 261120K, 0% used [0x00000000d5580000,0x00000000d5580000,0x00000000e5480000)
  from space 15872K, 54% used [0x00000000e5480000,0x00000000e5ce9440,0x00000000e6400000)
  to   space 15360K, 0% used [0x00000000eef00000,0x00000000eef00000,0x00000000efe00000)
 ParOldGen       total 59904K, used 12175K [0x0000000080000000, 0x0000000083a80000, 0x00000000d5580000)
  object space 59904K, 20% used [0x0000000080000000,0x0000000080be3d68,0x0000000083a80000)
 Metaspace       used 34603K, capacity 35414K, committed 35496K, reserved 1079296K
  class space    used 4744K, capacity 4972K, committed 5040K, reserved 1048576K
}
Event: 5.035 GC heap before
{Heap before GC invocations=9 (full 2):
 PSYoungGen      total 276992K, used 8613K [0x00000000d5580000, 0x00000000efe00000, 0x0000000100000000)
  eden space 261120K, 0% used [0x00000000d5580000,0x00000000d5580000,0x00000000e5480000)
  from space 15872K, 54% used [0x00000000e5480000,0x00000000e5ce9440,0x00000000e6400000)
  to   space 15360K, 0% used [0x00000000eef00000,0x00000000eef00000,0x00000000efe00000)
 ParOldGen       total 59904K, used 12175K [0x0000000080000000, 0x0000000083a80000, 0x00000000d5580000)
  object space 59904K, 20% used [0x0000000080000000,0x0000000080be3d68,0x0000000083a80000)
 Metaspace       used 34603K, capacity 35414K, committed 35496K, reserved 1079296K
  class space    used 4744K, capacity 4972K, committed 5040K, reserved 1048576K
Event: 5.112 GC heap after
Heap after GC invocations=9 (full 2):
 PSYoungGen      total 276992K, used 0K [0x00000000d5580000, 0x00000000efe00000, 0x0000000100000000)
  eden space 261120K, 0% used [0x00000000d5580000,0x00000000d5580000,0x00000000e5480000)
  from space 15872K, 0% used [0x00000000e5480000,0x00000000e5480000,0x00000000e6400000)
  to   space 15360K, 0% used [0x00000000eef00000,0x00000000eef00000,0x00000000efe00000)
 ParOldGen       total 77824K, used 15260K [0x0000000080000000, 0x0000000084c00000, 0x00000000d5580000)
  object space 77824K, 19% used [0x0000000080000000,0x0000000080ee7008,0x0000000084c00000)
 Metaspace       used 34603K, capacity 35414K, committed 35496K, reserved 1079296K
  class space    used 4744K, capacity 4972K, committed 5040K, reserved 1048576K
}
Event: 8.975 GC heap before
{Heap before GC invocations=10 (full 2):
 PSYoungGen      total 276992K, used 261120K [0x00000000d5580000, 0x00000000efe00000, 0x0000000100000000)
  eden space 261120K, 100% used [0x00000000d5580000,0x00000000e5480000,0x00000000e5480000)
  from space 15872K, 0% used [0x00000000e5480000,0x00000000e5480000,0x00000000e6400000)
  to   space 15360K, 0% used [0x00000000eef00000,0x00000000eef00000,0x00000000efe00000)
 ParOldGen       total 77824K, used 15260K [0x0000000080000000, 0x0000000084c00000, 0x00000000d5580000)
  object space 77824K, 19% used [0x0000000080000000,0x0000000080ee7008,0x0000000084c00000)
 Metaspace       used 54073K, capacity 56050K, committed 56240K, reserved 1097728K
  class space    used 7355K, capacity 7821K, committed 7856K, reserved 1048576K
Event: 9.010 GC heap after
Heap after GC invocations=10 (full 2):
 PSYoungGen      total 410624K, used 15340K [0x00000000d5580000, 0x00000000f1a00000, 0x0000000100000000)
  eden space 395264K, 0% used [0x00000000d5580000,0x00000000d5580000,0x00000000ed780000)
  from space 15360K, 99% used [0x00000000eef00000,0x00000000efdfb320,0x00000000efe00000)
  to   space 24064K, 0% used [0x00000000ed780000,0x00000000ed780000,0x00000000eef00000)
 ParOldGen       total 77824K, used 30157K [0x0000000080000000, 0x0000000084c00000, 0x00000000d5580000)
  object space 77824K, 38% used [0x0000000080000000,0x0000000081d734c8,0x0000000084c00000)
 Metaspace       used 54073K, capacity 56050K, committed 56240K, reserved 1097728K
  class space    used 7355K, capacity 7821K, committed 7856K, reserved 1048576K
}
Event: 9.538 GC heap before
{Heap before GC invocations=11 (full 2):
 PSYoungGen      total 410624K, used 59453K [0x00000000d5580000, 0x00000000f1a00000, 0x0000000100000000)
  eden space 395264K, 11% used [0x00000000d5580000,0x00000000d80944a0,0x00000000ed780000)
  from space 15360K, 99% used [0x00000000eef00000,0x00000000efdfb320,0x00000000efe00000)
  to   space 24064K, 0% used [0x00000000ed780000,0x00000000ed780000,0x00000000eef00000)
 ParOldGen       total 77824K, used 30157K [0x0000000080000000, 0x0000000084c00000, 0x00000000d5580000)
  object space 77824K, 38% used [0x0000000080000000,0x0000000081d734c8,0x0000000084c00000)
 Metaspace       used 56977K, capacity 59040K, committed 59160K, reserved 1099776K
  class space    used 7820K, capacity 8298K, committed 8368K, reserved 1048576K
Event: 9.568 GC heap after
Heap after GC invocations=11 (full 2):
 PSYoungGen      total 419328K, used 18707K [0x00000000d5580000, 0x00000000f9880000, 0x0000000100000000)
  eden space 395264K, 0% used [0x00000000d5580000,0x00000000d5580000,0x00000000ed780000)
  from space 24064K, 77% used [0x00000000ed780000,0x00000000ee9c4c40,0x00000000eef00000)
  to   space 26112K, 0% used [0x00000000f7f00000,0x00000000f7f00000,0x00000000f9880000)
 ParOldGen       total 77824K, used 30229K [0x0000000080000000, 0x0000000084c00000, 0x00000000d5580000)
  object space 77824K, 38% used [0x0000000080000000,0x0000000081d854d8,0x0000000084c00000)
 Metaspace       used 56977K, capacity 59040K, committed 59160K, reserved 1099776K
  class space    used 7820K, capacity 8298K, committed 8368K, reserved 1048576K
}
Event: 9.568 GC heap before
{Heap before GC invocations=12 (full 3):
 PSYoungGen      total 419328K, used 18707K [0x00000000d5580000, 0x00000000f9880000, 0x0000000100000000)
  eden space 395264K, 0% used [0x00000000d5580000,0x00000000d5580000,0x00000000ed780000)
  from space 24064K, 77% used [0x00000000ed780000,0x00000000ee9c4c40,0x00000000eef00000)
  to   space 26112K, 0% used [0x00000000f7f00000,0x00000000f7f00000,0x00000000f9880000)
 ParOldGen       total 77824K, used 30229K [0x0000000080000000, 0x0000000084c00000, 0x00000000d5580000)
  object space 77824K, 38% used [0x0000000080000000,0x0000000081d854d8,0x0000000084c00000)
 Metaspace       used 56977K, capacity 59040K, committed 59160K, reserved 1099776K
  class space    used 7820K, capacity 8298K, committed 8368K, reserved 1048576K
Event: 9.846 GC heap after
Heap after GC invocations=12 (full 3):
 PSYoungGen      total 419328K, used 0K [0x00000000d5580000, 0x00000000f9880000, 0x0000000100000000)
  eden space 395264K, 0% used [0x00000000d5580000,0x00000000d5580000,0x00000000ed780000)
  from space 24064K, 0% used [0x00000000ed780000,0x00000000ed780000,0x00000000eef00000)
  to   space 26112K, 0% used [0x00000000f7f00000,0x00000000f7f00000,0x00000000f9880000)
 ParOldGen       total 115712K, used 32846K [0x0000000080000000, 0x0000000087100000, 0x00000000d5580000)
  object space 115712K, 28% used [0x0000000080000000,0x0000000082013af8,0x0000000087100000)
 Metaspace       used 56970K, capacity 59016K, committed 59160K, reserved 1099776K
  class space    used 7818K, capacity 8294K, committed 8368K, reserved 1048576K
}

