# JRE version: OpenJDK Runtime Environment (8.0_242-b01) (build 1.8.0_242-release-1644-b01)
# Java VM: OpenJDK 64-Bit Server VM (25.242-b01 mixed mode windows-amd64 compressed oops)
Heap:
 PSYoungGen      total 160768K, used 111915K [0x00000000d5580000, 0x00000000e0500000, 0x0000000100000000)
  eden space 148992K, 67% used [0x00000000d5580000,0x00000000db750b90,0x00000000de700000)
  from space 11776K, 99% used [0x00000000df980000,0x00000000e04fa2f0,0x00000000e0500000)
  to   space 13824K, 0% used [0x00000000dea00000,0x00000000dea00000,0x00000000df780000)
 ParOldGen       total 58368K, used 16586K [0x0000000080000000, 0x0000000083900000, 0x00000000d5580000)
  object space 58368K, 28% used [0x0000000080000000,0x0000000081032980,0x0000000083900000)
 Metaspace       used 51135K, capacity 52818K, committed 53168K, reserved 1095680K
  class space    used 6846K, capacity 7250K, committed 7344K, reserved 1048576K
GC Heap History (10 events):
Event: 11.099 GC heap before
{Heap before GC invocations=8 (full 1):
 PSYoungGen      total 75776K, used 65536K [0x00000000d5580000, 0x00000000dac80000, 0x0000000100000000)
  eden space 65536K, 100% used [0x00000000d5580000,0x00000000d9580000,0x00000000d9580000)
  from space 10240K, 0% used [0x00000000da080000,0x00000000da080000,0x00000000daa80000)
  to   space 11264K, 0% used [0x00000000d9580000,0x00000000d9580000,0x00000000da080000)
 ParOldGen       total 58368K, used 9005K [0x0000000080000000, 0x0000000083900000, 0x00000000d5580000)
  object space 58368K, 15% used [0x0000000080000000,0x00000000808cb728,0x0000000083900000)
 Metaspace       used 28264K, capacity 29044K, committed 29232K, reserved 1075200K
  class space    used 3886K, capacity 4127K, committed 4144K, reserved 1048576K
Event: 11.113 GC heap after
Heap after GC invocations=8 (full 1):
 PSYoungGen      total 76800K, used 8219K [0x00000000d5580000, 0x00000000dd280000, 0x0000000100000000)
  eden space 65536K, 0% used [0x00000000d5580000,0x00000000d5580000,0x00000000d9580000)
  from space 11264K, 72% used [0x00000000d9580000,0x00000000d9d86f70,0x00000000da080000)
  to   space 11264K, 0% used [0x00000000dc780000,0x00000000dc780000,0x00000000dd280000)
 ParOldGen       total 58368K, used 9013K [0x0000000080000000, 0x0000000083900000, 0x00000000d5580000)
  object space 58368K, 15% used [0x0000000080000000,0x00000000808cd728,0x0000000083900000)
 Metaspace       used 28264K, capacity 29044K, committed 29232K, reserved 1075200K
  class space    used 3886K, capacity 4127K, committed 4144K, reserved 1048576K
}
Event: 12.407 GC heap before
{Heap before GC invocations=9 (full 1):
 PSYoungGen      total 76800K, used 73755K [0x00000000d5580000, 0x00000000dd280000, 0x0000000100000000)
  eden space 65536K, 100% used [0x00000000d5580000,0x00000000d9580000,0x00000000d9580000)
  from space 11264K, 72% used [0x00000000d9580000,0x00000000d9d86f70,0x00000000da080000)
  to   space 11264K, 0% used [0x00000000dc780000,0x00000000dc780000,0x00000000dd280000)
 ParOldGen       total 58368K, used 9013K [0x0000000080000000, 0x0000000083900000, 0x00000000d5580000)
  object space 58368K, 15% used [0x0000000080000000,0x00000000808cd728,0x0000000083900000)
 Metaspace       used 32409K, capacity 33184K, committed 33456K, reserved 1077248K
  class space    used 4423K, capacity 4673K, committed 4784K, reserved 1048576K
Event: 12.547 GC heap after
Heap after GC invocations=9 (full 1):
 PSYoungGen      total 116224K, used 8778K [0x00000000d5580000, 0x00000000de200000, 0x0000000100000000)
  eden space 104960K, 0% used [0x00000000d5580000,0x00000000d5580000,0x00000000dbc00000)
  from space 11264K, 77% used [0x00000000dc780000,0x00000000dd0128d0,0x00000000dd280000)
  to   space 11776K, 0% used [0x00000000dbc00000,0x00000000dbc00000,0x00000000dc780000)
 ParOldGen       total 58368K, used 9021K [0x0000000080000000, 0x0000000083900000, 0x00000000d5580000)
  object space 58368K, 15% used [0x0000000080000000,0x00000000808cf728,0x0000000083900000)
 Metaspace       used 32409K, capacity 33184K, committed 33456K, reserved 1077248K
  class space    used 4423K, capacity 4673K, committed 4784K, reserved 1048576K
}
Event: 13.289 GC heap before
{Heap before GC invocations=10 (full 1):
 PSYoungGen      total 116224K, used 53607K [0x00000000d5580000, 0x00000000de200000, 0x0000000100000000)
  eden space 104960K, 42% used [0x00000000d5580000,0x00000000d8147398,0x00000000dbc00000)
  from space 11264K, 77% used [0x00000000dc780000,0x00000000dd0128d0,0x00000000dd280000)
  to   space 11776K, 0% used [0x00000000dbc00000,0x00000000dbc00000,0x00000000dc780000)
 ParOldGen       total 58368K, used 9021K [0x0000000080000000, 0x0000000083900000, 0x00000000d5580000)
  object space 58368K, 15% used [0x0000000080000000,0x00000000808cf728,0x0000000083900000)
 Metaspace       used 34522K, capacity 35430K, committed 35496K, reserved 1079296K
  class space    used 4732K, capacity 5002K, committed 5040K, reserved 1048576K
Event: 13.299 GC heap after
Heap after GC invocations=10 (full 1):
 PSYoungGen      total 116736K, used 8641K [0x00000000d5580000, 0x00000000e0500000, 0x0000000100000000)
  eden space 104960K, 0% used [0x00000000d5580000,0x00000000d5580000,0x00000000dbc00000)
  from space 11776K, 73% used [0x00000000dbc00000,0x00000000dc4705f8,0x00000000dc780000)
  to   space 11776K, 0% used [0x00000000df980000,0x00000000df980000,0x00000000e0500000)
 ParOldGen       total 58368K, used 9029K [0x0000000080000000, 0x0000000083900000, 0x00000000d5580000)
  object space 58368K, 15% used [0x0000000080000000,0x00000000808d1728,0x0000000083900000)
 Metaspace       used 34522K, capacity 35430K, committed 35496K, reserved 1079296K
  class space    used 4732K, capacity 5002K, committed 5040K, reserved 1048576K
}
Event: 13.299 GC heap before
{Heap before GC invocations=11 (full 2):
 PSYoungGen      total 116736K, used 8641K [0x00000000d5580000, 0x00000000e0500000, 0x0000000100000000)
  eden space 104960K, 0% used [0x00000000d5580000,0x00000000d5580000,0x00000000dbc00000)
  from space 11776K, 73% used [0x00000000dbc00000,0x00000000dc4705f8,0x00000000dc780000)
  to   space 11776K, 0% used [0x00000000df980000,0x00000000df980000,0x00000000e0500000)
 ParOldGen       total 58368K, used 9029K [0x0000000080000000, 0x0000000083900000, 0x00000000d5580000)
  object space 58368K, 15% used [0x0000000080000000,0x00000000808d1728,0x0000000083900000)
 Metaspace       used 34522K, capacity 35430K, committed 35496K, reserved 1079296K
  class space    used 4732K, capacity 5002K, committed 5040K, reserved 1048576K
Event: 13.367 GC heap after
Heap after GC invocations=11 (full 2):
 PSYoungGen      total 116736K, used 0K [0x00000000d5580000, 0x00000000e0500000, 0x0000000100000000)
  eden space 104960K, 0% used [0x00000000d5580000,0x00000000d5580000,0x00000000dbc00000)
  from space 11776K, 0% used [0x00000000dbc00000,0x00000000dbc00000,0x00000000dc780000)
  to   space 11776K, 0% used [0x00000000df980000,0x00000000df980000,0x00000000e0500000)
 ParOldGen       total 58368K, used 15262K [0x0000000080000000, 0x0000000083900000, 0x00000000d5580000)
  object space 58368K, 26% used [0x0000000080000000,0x0000000080ee7a30,0x0000000083900000)
 Metaspace       used 34522K, capacity 35430K, committed 35496K, reserved 1079296K
  class space    used 4732K, capacity 5002K, committed 5040K, reserved 1048576K
}
Event: 18.838 GC heap before
{Heap before GC invocations=12 (full 2):
 PSYoungGen      total 116736K, used 104960K [0x00000000d5580000, 0x00000000e0500000, 0x0000000100000000)
  eden space 104960K, 100% used [0x00000000d5580000,0x00000000dbc00000,0x00000000dbc00000)
  from space 11776K, 0% used [0x00000000dbc00000,0x00000000dbc00000,0x00000000dc780000)
  to   space 11776K, 0% used [0x00000000df980000,0x00000000df980000,0x00000000e0500000)
 ParOldGen       total 58368K, used 15262K [0x0000000080000000, 0x0000000083900000, 0x00000000d5580000)
  object space 58368K, 26% used [0x0000000080000000,0x0000000080ee7a30,0x0000000083900000)
 Metaspace       used 43678K, capacity 45132K, committed 45232K, reserved 1087488K
  class space    used 5935K, capacity 6300K, committed 6320K, reserved 1048576K
Event: 18.853 GC heap after
Heap after GC invocations=12 (full 2):
 PSYoungGen      total 160768K, used 11752K [0x00000000d5580000, 0x00000000e0500000, 0x0000000100000000)
  eden space 148992K, 0% used [0x00000000d5580000,0x00000000d5580000,0x00000000de700000)
  from space 11776K, 99% used [0x00000000df980000,0x00000000e04fa2f0,0x00000000e0500000)
  to   space 13824K, 0% used [0x00000000dea00000,0x00000000dea00000,0x00000000df780000)
 ParOldGen       total 58368K, used 16586K [0x0000000080000000, 0x0000000083900000, 0x00000000d5580000)
  object space 58368K, 28% used [0x0000000080000000,0x0000000081032980,0x0000000083900000)
 Metaspace       used 43678K, capacity 45132K, committed 45232K, reserved 1087488K
  class space    used 5935K, capacity 6300K, committed 6320K, reserved 1048576K
}

