# JRE version: OpenJDK Runtime Environment (8.0_242-b01) (build 1.8.0_242-release-1644-b01)
# Java VM: OpenJDK 64-Bit Server VM (25.242-b01 mixed mode windows-amd64 compressed oops)
Heap:
 PSYoungGen      total 522240K, used 326107K [0x00000000d5580000, 0x00000000fdb00000, 0x0000000100000000)
  eden space 489984K, 59% used [0x00000000d5580000,0x00000000e747c498,0x00000000f3400000)
  from space 32256K, 99% used [0x00000000f3400000,0x00000000f537aa10,0x00000000f5380000)
  to   space 38400K, 0% used [0x00000000fb580000,0x00000000fb580000,0x00000000fdb00000)
 ParOldGen       total 122880K, used 44265K [0x0000000080000000, 0x0000000087800000, 0x00000000d5580000)
  object space 122880K, 36% used [0x0000000080000000,0x0000000082b3a688,0x0000000087800000)
 Metaspace       used 86495K, capacity 90336K, committed 90672K, reserved 1128448K
  class space    used 11221K, capacity 11999K, committed 12080K, reserved 1048576K
GC Heap History (10 events):
Event: 8.678 GC heap before
{Heap before GC invocations=10 (full 2):
 PSYoungGen      total 276480K, used 260096K [0x00000000d5580000, 0x00000000ef200000, 0x0000000100000000)
  eden space 260096K, 100% used [0x00000000d5580000,0x00000000e5380000,0x00000000e5380000)
  from space 16384K, 0% used [0x00000000e5380000,0x00000000e5380000,0x00000000e6380000)
  to   space 15360K, 0% used [0x00000000ee300000,0x00000000ee300000,0x00000000ef200000)
 ParOldGen       total 81920K, used 14493K [0x0000000080000000, 0x0000000085000000, 0x00000000d5580000)
  object space 81920K, 17% used [0x0000000080000000,0x0000000080e27650,0x0000000085000000)
 Metaspace       used 53367K, capacity 55160K, committed 55344K, reserved 1097728K
  class space    used 7015K, capacity 7429K, committed 7472K, reserved 1048576K
Event: 8.708 GC heap after
Heap after GC invocations=10 (full 2):
 PSYoungGen      total 399872K, used 15339K [0x00000000d5580000, 0x00000000eff00000, 0x0000000100000000)
  eden space 384512K, 0% used [0x00000000d5580000,0x00000000d5580000,0x00000000ecd00000)
  from space 15360K, 99% used [0x00000000ee300000,0x00000000ef1fac70,0x00000000ef200000)
  to   space 22528K, 0% used [0x00000000ecd00000,0x00000000ecd00000,0x00000000ee300000)
 ParOldGen       total 81920K, used 26073K [0x0000000080000000, 0x0000000085000000, 0x00000000d5580000)
  object space 81920K, 31% used [0x0000000080000000,0x00000000819767a8,0x0000000085000000)
 Metaspace       used 53367K, capacity 55160K, committed 55344K, reserved 1097728K
  class space    used 7015K, capacity 7429K, committed 7472K, reserved 1048576K
}
Event: 9.439 GC heap before
{Heap before GC invocations=11 (full 2):
 PSYoungGen      total 399872K, used 73694K [0x00000000d5580000, 0x00000000eff00000, 0x0000000100000000)
  eden space 384512K, 15% used [0x00000000d5580000,0x00000000d8e7ce28,0x00000000ecd00000)
  from space 15360K, 99% used [0x00000000ee300000,0x00000000ef1fac70,0x00000000ef200000)
  to   space 22528K, 0% used [0x00000000ecd00000,0x00000000ecd00000,0x00000000ee300000)
 ParOldGen       total 81920K, used 26073K [0x0000000080000000, 0x0000000085000000, 0x00000000d5580000)
  object space 81920K, 31% used [0x0000000080000000,0x00000000819767a8,0x0000000085000000)
 Metaspace       used 56958K, capacity 59088K, committed 59160K, reserved 1099776K
  class space    used 7618K, capacity 8084K, committed 8112K, reserved 1048576K
Event: 9.468 GC heap after
Heap after GC invocations=11 (full 2):
 PSYoungGen      total 407040K, used 20250K [0x00000000d5580000, 0x00000000f7300000, 0x0000000100000000)
  eden space 384512K, 0% used [0x00000000d5580000,0x00000000d5580000,0x00000000ecd00000)
  from space 22528K, 89% used [0x00000000ecd00000,0x00000000ee0c6970,0x00000000ee300000)
  to   space 25600K, 0% used [0x00000000f5a00000,0x00000000f5a00000,0x00000000f7300000)
 ParOldGen       total 81920K, used 26081K [0x0000000080000000, 0x0000000085000000, 0x00000000d5580000)
  object space 81920K, 31% used [0x0000000080000000,0x00000000819787a8,0x0000000085000000)
 Metaspace       used 56958K, capacity 59088K, committed 59160K, reserved 1099776K
  class space    used 7618K, capacity 8084K, committed 8112K, reserved 1048576K
}
Event: 9.468 GC heap before
{Heap before GC invocations=12 (full 3):
 PSYoungGen      total 407040K, used 20250K [0x00000000d5580000, 0x00000000f7300000, 0x0000000100000000)
  eden space 384512K, 0% used [0x00000000d5580000,0x00000000d5580000,0x00000000ecd00000)
  from space 22528K, 89% used [0x00000000ecd00000,0x00000000ee0c6970,0x00000000ee300000)
  to   space 25600K, 0% used [0x00000000f5a00000,0x00000000f5a00000,0x00000000f7300000)
 ParOldGen       total 81920K, used 26081K [0x0000000080000000, 0x0000000085000000, 0x00000000d5580000)
  object space 81920K, 31% used [0x0000000080000000,0x00000000819787a8,0x0000000085000000)
 Metaspace       used 56958K, capacity 59088K, committed 59160K, reserved 1099776K
  class space    used 7618K, capacity 8084K, committed 8112K, reserved 1048576K
Event: 9.692 GC heap after
Heap after GC invocations=12 (full 3):
 PSYoungGen      total 407040K, used 0K [0x00000000d5580000, 0x00000000f7300000, 0x0000000100000000)
  eden space 384512K, 0% used [0x00000000d5580000,0x00000000d5580000,0x00000000ecd00000)
  from space 22528K, 0% used [0x00000000ecd00000,0x00000000ecd00000,0x00000000ee300000)
  to   space 25600K, 0% used [0x00000000f5a00000,0x00000000f5a00000,0x00000000f7300000)
 ParOldGen       total 122880K, used 32857K [0x0000000080000000, 0x0000000087800000, 0x00000000d5580000)
  object space 122880K, 26% used [0x0000000080000000,0x0000000082016610,0x0000000087800000)
 Metaspace       used 56904K, capacity 58960K, committed 59160K, reserved 1099776K
  class space    used 7604K, capacity 8068K, committed 8112K, reserved 1048576K
}
Event: 14.281 GC heap before
{Heap before GC invocations=13 (full 3):
 PSYoungGen      total 407040K, used 384512K [0x00000000d5580000, 0x00000000f7300000, 0x0000000100000000)
  eden space 384512K, 100% used [0x00000000d5580000,0x00000000ecd00000,0x00000000ecd00000)
  from space 22528K, 0% used [0x00000000ecd00000,0x00000000ecd00000,0x00000000ee300000)
  to   space 25600K, 0% used [0x00000000f5a00000,0x00000000f5a00000,0x00000000f7300000)
 ParOldGen       total 122880K, used 32857K [0x0000000080000000, 0x0000000087800000, 0x00000000d5580000)
  object space 122880K, 26% used [0x0000000080000000,0x0000000082016610,0x0000000087800000)
 Metaspace       used 72492K, capacity 75480K, committed 75696K, reserved 1114112K
  class space    used 9819K, capacity 10415K, committed 10416K, reserved 1048576K
Event: 14.318 GC heap after
Heap after GC invocations=13 (full 3):
 PSYoungGen      total 507392K, used 25569K [0x00000000d5580000, 0x00000000f7300000, 0x0000000100000000)
  eden space 481792K, 0% used [0x00000000d5580000,0x00000000d5580000,0x00000000f2c00000)
  from space 25600K, 99% used [0x00000000f5a00000,0x00000000f72f8748,0x00000000f7300000)
  to   space 32256K, 0% used [0x00000000f3400000,0x00000000f3400000,0x00000000f5380000)
 ParOldGen       total 122880K, used 41216K [0x0000000080000000, 0x0000000087800000, 0x00000000d5580000)
  object space 122880K, 33% used [0x0000000080000000,0x0000000082840030,0x0000000087800000)
 Metaspace       used 72492K, capacity 75480K, committed 75696K, reserved 1114112K
  class space    used 9819K, capacity 10415K, committed 10416K, reserved 1048576K
}
Event: 79.891 GC heap before
{Heap before GC invocations=14 (full 3):
 PSYoungGen      total 507392K, used 507361K [0x00000000d5580000, 0x00000000f7300000, 0x0000000100000000)
  eden space 481792K, 100% used [0x00000000d5580000,0x00000000f2c00000,0x00000000f2c00000)
  from space 25600K, 99% used [0x00000000f5a00000,0x00000000f72f8748,0x00000000f7300000)
  to   space 32256K, 0% used [0x00000000f3400000,0x00000000f3400000,0x00000000f5380000)
 ParOldGen       total 122880K, used 41216K [0x0000000080000000, 0x0000000087800000, 0x00000000d5580000)
  object space 122880K, 33% used [0x0000000080000000,0x0000000082840030,0x0000000087800000)
 Metaspace       used 81262K, capacity 84662K, committed 84912K, reserved 1122304K
  class space    used 10667K, capacity 11400K, committed 11440K, reserved 1048576K
Event: 79.934 GC heap after
Heap after GC invocations=14 (full 3):
 PSYoungGen      total 522240K, used 32234K [0x00000000d5580000, 0x00000000fdb00000, 0x0000000100000000)
  eden space 489984K, 0% used [0x00000000d5580000,0x00000000d5580000,0x00000000f3400000)
  from space 32256K, 99% used [0x00000000f3400000,0x00000000f537aa10,0x00000000f5380000)
  to   space 38400K, 0% used [0x00000000fb580000,0x00000000fb580000,0x00000000fdb00000)
 ParOldGen       total 122880K, used 44265K [0x0000000080000000, 0x0000000087800000, 0x00000000d5580000)
  object space 122880K, 36% used [0x0000000080000000,0x0000000082b3a688,0x0000000087800000)
 Metaspace       used 81262K, capacity 84662K, committed 84912K, reserved 1122304K
  class space    used 10667K, capacity 11400K, committed 11440K, reserved 1048576K
}

